<?xml version="1.0" encoding="UTF-8"?>
<testng-results ignored="0" total="2" passed="2" failed="0" skipped="0">
  <reporter-output>
  </reporter-output>
  <suite started-at="2023-07-21T23:43:10 IST" name="DemoQa AutomationApp" finished-at="2023-07-21T23:43:32 IST" duration-ms="22047">
    <groups>
      <group name="EndToEndTesting">
        <method signature="RegisterPageTest.validateRegisterFunctinality()[pri:1, instance:TestLayer.RegisterPageTest@51c668e3]" name="validateRegisterFunctinality" class="TestLayer.RegisterPageTest"/>
        <method signature="RegisterPageTest.validateRegisterFunctinality2()[pri:2, instance:TestLayer.RegisterPageTest@51c668e3]" name="validateRegisterFunctinality2" class="TestLayer.RegisterPageTest"/>
      </group> <!-- EndToEndTesting -->
      <group name="RegisterPage">
        <method signature="RegisterPageTest.validateRegisterFunctinality()[pri:1, instance:TestLayer.RegisterPageTest@51c668e3]" name="validateRegisterFunctinality" class="TestLayer.RegisterPageTest"/>
        <method signature="RegisterPageTest.validateRegisterFunctinality2()[pri:2, instance:TestLayer.RegisterPageTest@51c668e3]" name="validateRegisterFunctinality2" class="TestLayer.RegisterPageTest"/>
      </group> <!-- RegisterPage -->
    </groups>
    <test started-at="2023-07-21T23:43:10 IST" name="DemoQaTest" finished-at="2023-07-21T23:43:32 IST" duration-ms="22047">
      <class name="TestLayer.RegisterPageTest">
        <test-method is-config="true" signature="setUp(java.lang.String)[pri:0, instance:TestLayer.RegisterPageTest@51c668e3]" started-at="2023-07-21T23:43:11 IST" name="setUp" finished-at="2023-07-21T23:43:27 IST" duration-ms="15892" status="PASS">
          <params>
            <param index="0">
              <value>
                <![CDATA[chrome]]>
              </value>
            </param>
          </params>
          <reporter-output>
          </reporter-output>
        </test-method> <!-- setUp -->
        <test-method signature="validateRegisterFunctinality()[pri:1, instance:TestLayer.RegisterPageTest@51c668e3]" started-at="2023-07-21T23:43:27 IST" name="validateRegisterFunctinality" finished-at="2023-07-21T23:43:30 IST" duration-ms="2935" status="PASS">
          <reporter-output>
          </reporter-output>
        </test-method> <!-- validateRegisterFunctinality -->
        <test-method signature="validateRegisterFunctinality2()[pri:2, instance:TestLayer.RegisterPageTest@51c668e3]" started-at="2023-07-21T23:43:31 IST" name="validateRegisterFunctinality2" finished-at="2023-07-21T23:43:32 IST" duration-ms="946" status="PASS">
          <reporter-output>
          </reporter-output>
        </test-method> <!-- validateRegisterFunctinality2 -->
      </class> <!-- TestLayer.RegisterPageTest -->
    </test> <!-- DemoQaTest -->
  </suite> <!-- DemoQa AutomationApp -->
</testng-results>
